<?xml version="1.0" encoding="UTF-8"?>
<!-- Generated by org.testng.reporters.JUnitXMLReporter -->
<testsuite ignored="0" hostname="LTIN461937" failures="0" tests="3" name="Test1" time="180.319" errors="0" timestamp="2024-05-08T17:52:26 IST">
  <testcase classname="testCases.TC001__HomePage" name="clickOnBookShelves" time="22.113"/>
  <testcase classname="testCases.TC002_CollectionPage" name="validationOnCollections" time="80.713"/>
  <testcase classname="testCases.TC003_GiftCard" name="validateGiftCard" time="56.311"/>
</testsuite> <!-- Test1 -->
