<?xml version="1.0" encoding="UTF-8"?>
<!-- Generated by org.testng.reporters.JUnitXMLReporter -->
<testsuite ignored="0" hostname="LTIN461937" failures="0" tests="3" name="Test" time="209.369" errors="0" timestamp="2024-05-08T17:49:25 IST">
  <testcase classname="testCases.TC001__HomePage" name="clickOnBookShelves" time="21.869"/>
  <testcase classname="testCases.TC002_CollectionPage" name="validationOnCollections" time="73.029"/>
  <testcase classname="testCases.TC003_GiftCard" name="validateGiftCard" time="86.698"/>
</testsuite> <!-- Test -->
